TN:
SF:/home/vanek/Documents/21_School/C5_s21_decimal-1/src/compare.c
FN:8,is_equal_zero
FNDA:119,is_equal_zero
FN:17,compare_mantissa
FNDA:190,compare_mantissa
FN:36,compare_sign
FNDA:200,compare_sign
FN:52,result
FNDA:69,result
FN:87,s21_is_less
FNDA:18,s21_is_less
FN:92,s21_is_less_or_equal
FNDA:35,s21_is_less_or_equal
FN:105,s21_is_greater
FNDA:13,s21_is_greater
FN:110,s21_is_greater_or_equal
FNDA:49,s21_is_greater_or_equal
FN:123,s21_is_equal
FNDA:106,s21_is_equal
FN:135,s21_is_not_equal
FNDA:10,s21_is_not_equal
DA:8,119
DA:9,119
DA:10,119
DA:11,44
DA:12,26
DA:13,119
DA:17,190
DA:19,190
DA:20,190
DA:21,190
DA:22,190
DA:27,1049
DA:28,859
DA:30,190
DA:31,190
DA:32,190
DA:36,200
DA:37,200
DA:43,200
DA:44,200
DA:45,200
DA:46,200
DA:47,200
DA:48,200
DA:52,69
DA:54,69
DA:55,41
DA:56,41
DA:57,18
DA:58,23
DA:59,6
DA:61,17
DA:62,41
DA:63,20
DA:64,20
DA:65,4
DA:66,16
DA:67,4
DA:69,12
DA:70,20
DA:71,6
DA:72,6
DA:73,4
DA:75,2
DA:76,6
DA:77,2
DA:78,2
DA:79,1
DA:81,1
DA:82,2
DA:84,69
DA:87,18
DA:88,18
DA:92,35
DA:93,35
DA:94,35
DA:95,35
DA:96,35
DA:97,8
DA:99,27
DA:101,35
DA:105,13
DA:106,13
DA:110,49
DA:111,49
DA:112,49
DA:113,49
DA:114,49
DA:115,7
DA:117,42
DA:119,49
DA:123,106
DA:124,106
DA:125,106
DA:126,106
DA:127,106
DA:128,106
DA:129,85
DA:131,106
DA:135,10
DA:136,10
end_of_record
TN:
SF:/home/vanek/Documents/21_School/C5_s21_decimal-1/src/rounding.c
FN:12,s21_floor
FNDA:73,s21_floor
FN:32,s21_round
FNDA:73,s21_round
FN:59,s21_truncate
FNDA:73,s21_truncate
DA:12,73
DA:13,73
DA:14,73
DA:15,4
DA:17,69
DA:18,554
DA:19,485
DA:21,485
DA:22,485
DA:24,69
DA:25,26
DA:26,69
DA:28,73
DA:32,73
DA:33,73
DA:34,73
DA:35,4
DA:37,69
DA:38,554
DA:39,485
DA:41,485
DA:42,485
DA:44,69
DA:45,7
DA:46,1
DA:49,62
DA:50,24
DA:53,69
DA:55,73
DA:59,73
DA:60,73
DA:61,73
DA:62,4
DA:64,69
DA:65,554
DA:66,485
DA:68,485
DA:70,69
DA:72,73
end_of_record
TN:
SF:/home/vanek/Documents/21_School/C5_s21_decimal-1/src/convert.c
FN:14,s21_from_int_to_decimal
FNDA:9,s21_from_int_to_decimal
FN:30,get_decimal_from_string_float
FNDA:51,get_decimal_from_string_float
FN:72,s21_from_float_to_decimal
FNDA:57,s21_from_float_to_decimal
FN:91,s21_from_decimal_to_int
FNDA:101,s21_from_decimal_to_int
FN:114,s21_from_decimal_to_float
FNDA:18,s21_from_decimal_to_float
DA:14,9
DA:15,9
DA:16,9
DA:17,0
DA:19,9
DA:20,9
DA:21,4
DA:22,4
DA:24,9
DA:26,9
DA:30,51
DA:32,51
DA:34,51
DA:35,51
DA:36,51
DA:37,46
DA:38,37
DA:39,15
DA:41,36
DA:42,114
DA:43,78
DA:44,78
DA:46,36
DA:47,12
DA:48,12
DA:49,12
DA:50,12
DA:51,12
DA:52,24
DA:53,7
DA:54,7
DA:55,7
DA:56,17
DA:57,17
DA:58,17
DA:59,153
DA:60,136
DA:61,136
DA:63,17
DA:64,5
DA:65,17
DA:68,51
DA:72,57
DA:73,57
DA:74,57
DA:75,57
DA:76,2
DA:77,2
DA:78,55
DA:79,4
DA:82,51
DA:83,51
DA:84,51
DA:85,51
DA:87,57
DA:91,101
DA:92,101
DA:93,101
DA:94,7
DA:96,94
DA:97,622
DA:98,528
DA:100,528
DA:102,94
DA:103,87
DA:104,8
DA:106,86
DA:107,86
DA:110,101
DA:114,18
DA:115,18
DA:116,18
DA:117,18
DA:118,2
DA:119,2
DA:121,16
DA:122,16
DA:123,16
DA:124,1552
DA:125,1536
DA:127,16
DA:128,127
DA:129,118
DA:130,118
DA:132,9
DA:133,9
DA:134,9
DA:136,95
DA:137,16
DA:138,16
DA:140,18
end_of_record
TN:
SF:/home/vanek/Documents/21_School/C5_s21_decimal-1/src/s21_decimal_type.c
FN:9,s21_is_valid_decimal
FNDA:2977,s21_is_valid_decimal
FN:15,s21_get_exponent
FNDA:937,s21_get_exponent
FN:22,s21_set_exponent
FNDA:221,s21_set_exponent
FN:32,s21_get_sign
FNDA:845,s21_get_sign
FN:39,s21_set_sign
FNDA:227,s21_set_sign
FN:48,s21_to_common_exponent
FNDA:297,s21_to_common_exponent
FN:73,s21_normalize
FNDA:200,s21_normalize
DA:9,2977
DA:10,2977
DA:11,2977
DA:15,937
DA:16,937
DA:17,937
DA:18,937
DA:22,221
DA:24,221
DA:25,221
DA:26,221
DA:27,221
DA:28,221
DA:29,221
DA:32,845
DA:33,845
DA:34,845
DA:35,845
DA:39,227
DA:41,227
DA:42,227
DA:43,227
DA:44,227
DA:45,227
DA:48,297
DA:53,297
DA:54,297
DA:55,297
DA:56,297
DA:57,68
DA:59,229
DA:61,229
DA:62,229
DA:63,229
DA:64,229
DA:66,994
DA:67,765
DA:70,297
DA:73,200
DA:75,200
DA:76,200
DA:78,200
DA:79,200
DA:80,924
DA:82,519
DA:83,319
DA:84,319
DA:85,319
DA:86,319
DA:88,200
DA:89,199
DA:90,11
DA:91,11
DA:92,0
DA:93,0
DA:96,200
DA:97,6
DA:98,194
DA:99,2
DA:100,1
DA:102,1
DA:103,1
DA:106,192
DA:107,192
DA:108,192
DA:109,192
DA:110,192
DA:112,200
end_of_record
TN:
SF:/home/vanek/Documents/21_School/C5_s21_decimal-1/src/arithmetic.c
FN:11,s21_long_add
FNDA:23,s21_long_add
FN:23,s21_short_add
FNDA:62,s21_short_add
FN:34,s21_add
FNDA:24,s21_add
FN:51,s21_long_sub
FNDA:16,s21_long_sub
FN:66,swap
FNDA:4,swap
FN:74,s21_sub
FNDA:26,s21_sub
FN:103,s21_short_mul
FNDA:1002,s21_short_mul
FN:118,s21_long_mul
FNDA:153,s21_long_mul
FN:137,s21_mul
FNDA:153,s21_mul
FN:157,s21_mul_and_sub
FNDA:9,s21_mul_and_sub
FN:175,s21_long_div
FNDA:2,s21_long_div
FN:208,s21_short_div
FNDA:2310,s21_short_div
FN:223,s21_div
FNDA:9,s21_div
FN:256,s21_negate
FNDA:7,s21_negate
DA:11,23
DA:13,23
DA:14,23
DA:15,23
DA:16,161
DA:17,138
DA:18,138
DA:19,138
DA:21,23
DA:23,62
DA:24,62
DA:25,497
DA:26,435
DA:27,435
DA:28,435
DA:30,62
DA:34,24
DA:37,24
DA:38,24
DA:39,24
DA:40,1
DA:42,23
DA:43,23
DA:44,23
DA:46,24
DA:51,16
DA:52,16
DA:54,112
DA:55,96
DA:56,85
DA:58,11
DA:59,11
DA:61,96
DA:63,16
DA:66,4
DA:67,4
DA:68,4
DA:69,4
DA:70,4
DA:74,26
DA:77,26
DA:78,26
DA:79,26
DA:80,6
DA:81,6
DA:82,20
DA:83,4
DA:84,4
DA:86,16
DA:87,2
DA:88,2
DA:89,2
DA:91,16
DA:92,16
DA:93,16
DA:94,16
DA:95,16
DA:96,16
DA:98,26
DA:103,1002
DA:105,1002
DA:107,1002
DA:108,6975
DA:109,5973
DA:110,5973
DA:112,1002
DA:113,6
DA:115,1002
DA:118,153
DA:123,153
DA:124,153
DA:125,612
DA:126,459
DA:127,1836
DA:128,1377
DA:129,1377
DA:131,459
DA:133,153
DA:137,153
DA:141,153
DA:142,153
DA:144,153
DA:146,153
DA:147,153
DA:149,153
DA:151,153
DA:157,9
DA:161,9
DA:162,9
DA:163,9
DA:164,9
DA:165,40
DA:166,31
DA:167,31
DA:168,31
DA:170,9
DA:175,2
DA:180,2
DA:181,2
DA:182,2
DA:183,2
DA:184,2
DA:185,2
DA:186,2
DA:187,2
DA:188,11
DA:190,9
DA:191,9
DA:192,9
DA:193,9
DA:194,9
DA:195,9
DA:196,0
DA:197,0
DA:199,9
DA:200,9
DA:202,2
DA:203,2
DA:204,2
DA:208,2310
DA:210,2310
DA:212,2310
DA:213,9695
DA:214,7385
DA:215,7385
DA:216,7385
DA:218,2310
DA:219,2310
DA:223,9
DA:227,25
DA:229,9
DA:230,1
DA:232,8
DA:233,8
DA:234,232
DA:235,224
DA:237,8
DA:238,8
DA:239,8
DA:240,8
DA:241,8
DA:242,6
DA:243,6
DA:245,2
DA:246,2
DA:247,2
DA:251,9
DA:256,7
DA:257,7
DA:258,7
DA:259,7
DA:260,7
DA:261,7
end_of_record
